2024-12-13 15:17:28,792 - root - INFO - Global seeds set successfully with seed: 42
2024-12-13 15:17:29,267 - tensorflow - WARNING - From c:\Python311\Lib\site-packages\keras\src\backend.py:873: The name tf.get_default_graph is deprecated. Please use tf.compat.v1.get_default_graph instead.

2024-12-13 15:17:29,454 - root - INFO - Starting MIMO dataset generation
2024-12-13 15:17:29,454 - root - INFO - Total samples: 1000000
2024-12-13 15:17:29,455 - root - INFO - Output path: dataset/mimo_dataset_20241213_151728.h5
2024-12-13 15:17:29,455 - root - INFO - TX Antennas: 4
2024-12-13 15:17:29,455 - root - INFO - RX Antennas: 4
2024-12-13 15:17:29,456 - root - INFO - Prepared output directory: dataset
2024-12-13 15:17:29,767 - root - ERROR - Dataset generation failed: Can't broadcast (4096, 4) -> (4096,)
2024-12-13 15:17:29,767 - root - ERROR - Critical error during dataset generation: Can't broadcast (4096, 4) -> (4096,)
2024-12-13 15:17:29,767 - root - ERROR - Detailed error traceback:
Traceback (most recent call last):
  File "c:\Users\snatanzi\Desktop\5G-Sionna\Data\main.py", line 138, in main
    generator.generate_dataset(
  File "c:\Users\snatanzi\Desktop\5G-Sionna\Data\dataset_generator\mimo_dataset_generator.py", line 194, in generate_dataset
    mod_group['spectral_efficiency'][start_idx:end_idx] = metrics['spectral_efficiency'].numpy()
    ~~~~~~~~~~~~~~~~~~~~~~~~~~~~~~~~^^^^^^^^^^^^^^^^^^^
  File "h5py\\_objects.pyx", line 54, in h5py._objects.with_phil.wrapper
  File "h5py\\_objects.pyx", line 55, in h5py._objects.with_phil.wrapper
  File "c:\Python311\Lib\site-packages\h5py\_hl\dataset.py", line 1020, in __setitem__
    mspace = h5s.create_simple(selection.expand_shape(mshape))
                               ^^^^^^^^^^^^^^^^^^^^^^^^^^^^^^
  File "c:\Python311\Lib\site-packages\h5py\_hl\selections.py", line 264, in expand_shape
    raise TypeError("Can't broadcast %s -> %s" % (source_shape, self.array_shape))  # array shape
    ^^^^^^^^^^^^^^^^^^^^^^^^^^^^^^^^^^^^^^^^^^^^^^^^^^^^^^^^^^^^^^^^^^^^^^^^^^^^^^
TypeError: Can't broadcast (4096, 4) -> (4096,)
