2024-12-13 13:25:44,857 - root - INFO - Global seeds set successfully with seed: 42
2024-12-13 13:25:45,303 - tensorflow - WARNING - From c:\Python311\Lib\site-packages\keras\src\backend.py:873: The name tf.get_default_graph is deprecated. Please use tf.compat.v1.get_default_graph instead.

2024-12-13 13:25:45,399 - root - ERROR - Critical error during dataset generation: `num_bits_per_symbol` must be provided.
2024-12-13 13:25:45,400 - root - ERROR - Detailed error traceback:
Traceback (most recent call last):
  File "c:\Users\snatanzi\Desktop\5G-Sionna\Data\main.py", line 125, in main
    generator = MIMODatasetGenerator(
                ^^^^^^^^^^^^^^^^^^^^^
  File "c:\Users\snatanzi\Desktop\5G-Sionna\Data\dataset_generator\mimo_dataset_generator.py", line 45, in __init__
    self.channel_model = ChannelModelManager(self.system_params)
                         ^^^^^^^^^^^^^^^^^^^^^^^^^^^^^^^^^^^^^^^
  File "c:\Users\snatanzi\Desktop\5G-Sionna\Data\core\channel_model.py", line 33, in __init__
    self.mapper = Mapper("qam")
                  ^^^^^^^^^^^^^
  File "c:\Python311\Lib\site-packages\sionna\mapping.py", line 506, in __init__
    self._constellation = Constellation.create_or_check_constellation(
                          ^^^^^^^^^^^^^^^^^^^^^^^^^^^^^^^^^^^^^^^^^^^^
  File "c:\Python311\Lib\site-packages\sionna\mapping.py", line 355, in create_or_check_constellation
    assert num_bits_per_symbol is not None, \
           ^^^^^^^^^^^^^^^^^^^^^^^^^^^^^^^
AssertionError: `num_bits_per_symbol` must be provided.
